Reading netlist file: "D:\gowin_projects\gowin_empu_m1_primer20K\impl\gwsynthesis\gowin_empu_m1.vg"
Parsing netlist file "D:\gowin_projects\gowin_empu_m1_primer20K\impl\gwsynthesis\gowin_empu_m1.vg" completed
Processing netlist completed
Reading constraint file: "D:\gowin_projects\gowin_empu_m1_primer20K\src\gowin_empu_m1.cst"
Physical Constraint parsed completed
Running placement......
[10%] Placement Phase 0 completed
[20%] Placement Phase 1 completed
[30%] Placement Phase 2 completed
WARN  (TA1118) : the clock "HCLK"'s frequency does not match your_instance_name/rpll_inst's param "FCLKIN = "27""
[50%] Placement Phase 3 completed
Running routing......
[60%] Routing Phase 0 completed
[70%] Routing Phase 1 completed
[80%] Routing Phase 2 completed
WARN  (PR1014) : Generic routing resource will be used to clock signal '\u_Gowin_EMPU_M1_Top/JTAG_9_1 ' by the specified constraint. And then it may lead to the excessive delay or skew
WARN  (PR1014) : Generic routing resource will be used to clock signal '\u_Gowin_EMPU_M1_Top/RGMII_RXC_d ' by the specified constraint. And then it may lead to the excessive delay or skew
[90%] Routing Phase 3 completed
Running timing analysis......
[95%] Timing analysis completed
Placement and routing completed
Bitstream generation in progress......
Bitstream generation completed
Running power analysis......
[100%] Power analysis completed
Generate file "D:\gowin_projects\gowin_empu_m1_primer20K\impl\pnr\gowin_empu_m1.power.html" completed
Generate file "D:\gowin_projects\gowin_empu_m1_primer20K\impl\pnr\gowin_empu_m1.pin.html" completed
Generate file "D:\gowin_projects\gowin_empu_m1_primer20K\impl\pnr\gowin_empu_m1.rpt.html" completed
Generate file "D:\gowin_projects\gowin_empu_m1_primer20K\impl\pnr\gowin_empu_m1.rpt.txt" completed
Generate file "D:\gowin_projects\gowin_empu_m1_primer20K\impl\pnr\gowin_empu_m1.tr.html" completed
Fri Jan 13 00:09:42 2023

