GowinSynthesis start
Running parser ...
Analyzing Verilog file 'D:\gowin_projects\gowin_empu_m1_primer20K\src\ahb_multiple.v'
Analyzing Verilog file 'D:\gowin_projects\gowin_empu_m1_primer20K\src\apb2_decoder.v'
Analyzing Verilog file 'D:\gowin_projects\gowin_empu_m1_primer20K\src\apb_multiple.v'
Analyzing Verilog file 'D:\gowin_projects\gowin_empu_m1_primer20K\src\gowin_empu_m1\gowin_empu_m1.v'
Analyzing Verilog file 'D:\gowin_projects\gowin_empu_m1_primer20K\src\gowin_empu_m1_template.v'
Analyzing Verilog file 'D:\gowin_projects\gowin_empu_m1_primer20K\src\gowin_rpll\gowin_rpll_my3.v'
Analyzing Verilog file 'D:\gowin_projects\gowin_empu_m1_primer20K\src\gowin_rpll_1\gowin_rpll_1.v'
Analyzing Verilog file 'D:\gowin_projects\gowin_empu_m1_primer20K\src\gowin_rpll_2\gowin_rpll_2.v'
Compiling module 'Gowin_EMPU_M1_template'("D:\gowin_projects\gowin_empu_m1_primer20K\src\gowin_empu_m1_template.v":4)
Compiling module 'Gowin_AHB_Multiple'("D:\gowin_projects\gowin_empu_m1_primer20K\src\ahb_multiple.v":4)
Compiling module 'Gowin_Multiple'("D:\gowin_projects\gowin_empu_m1_primer20K\src\ahb_multiple.v":128)
WARN  (EX3670) : Actual bit length 12 differs from formal bit length 32 for port 'AHB_HADDR'("D:\gowin_projects\gowin_empu_m1_primer20K\src\gowin_empu_m1_template.v":155)
Compiling module 'Gowin_APB2_Multiple'("D:\gowin_projects\gowin_empu_m1_primer20K\src\apb_multiple.v":4)
WARN  (EX3791) : Expression size 32 truncated to fit in target size 8("D:\gowin_projects\gowin_empu_m1_primer20K\src\apb_multiple.v":34)
WARN  (EX3791) : Expression size 32 truncated to fit in target size 8("D:\gowin_projects\gowin_empu_m1_primer20K\src\apb_multiple.v":35)
Compiling module 'Gowin_Multiplier'("D:\gowin_projects\gowin_empu_m1_primer20K\src\apb_multiple.v":95)
Compiling module 'Gowin_APB2_Decoder'("D:\gowin_projects\gowin_empu_m1_primer20K\src\apb2_decoder.v":4)
Compiling module 'Gowin_rPLL_1'("D:\gowin_projects\gowin_empu_m1_primer20K\src\gowin_rpll_1\gowin_rpll_1.v":9)
Compiling module 'Gowin_rPLL_my3'("D:\gowin_projects\gowin_empu_m1_primer20K\src\gowin_rpll\gowin_rpll_my3.v":10)
Compiling module 'Gowin_rPLL_2'("D:\gowin_projects\gowin_empu_m1_primer20K\src\gowin_rpll_2\gowin_rpll_2.v":9)
Compiling module 'Gowin_EMPU_M1_Top'("D:\gowin_projects\gowin_empu_m1_primer20K\src\gowin_empu_m1\gowin_empu_m1.v":75650)
Compiling module '**'("D:\gowin_projects\gowin_empu_m1_primer20K\src\gowin_empu_m1\gowin_empu_m1.v":0)
Compiling module '**'("D:\gowin_projects\gowin_empu_m1_primer20K\src\gowin_empu_m1\gowin_empu_m1.v":0)
Compiling module '**'("D:\gowin_projects\gowin_empu_m1_primer20K\src\gowin_empu_m1\gowin_empu_m1.v":0)
Compiling module '**'("D:\gowin_projects\gowin_empu_m1_primer20K\src\gowin_empu_m1\gowin_empu_m1.v":0)
Compiling module '**'("D:\gowin_projects\gowin_empu_m1_primer20K\src\gowin_empu_m1\gowin_empu_m1.v":0)
Compiling module '**'("D:\gowin_projects\gowin_empu_m1_primer20K\src\gowin_empu_m1\gowin_empu_m1.v":0)
Compiling module '**'("D:\gowin_projects\gowin_empu_m1_primer20K\src\gowin_empu_m1\gowin_empu_m1.v":0)
Compiling module '**'("D:\gowin_projects\gowin_empu_m1_primer20K\src\gowin_empu_m1\gowin_empu_m1.v":0)
Compiling module '**'("D:\gowin_projects\gowin_empu_m1_primer20K\src\gowin_empu_m1\gowin_empu_m1.v":0)
Compiling module '**'("D:\gowin_projects\gowin_empu_m1_primer20K\src\gowin_empu_m1\gowin_empu_m1.v":0)
Compiling module '**'("D:\gowin_projects\gowin_empu_m1_primer20K\src\gowin_empu_m1\gowin_empu_m1.v":0)
Compiling module '**'("D:\gowin_projects\gowin_empu_m1_primer20K\src\gowin_empu_m1\gowin_empu_m1.v":0)
Compiling module '**'("D:\gowin_projects\gowin_empu_m1_primer20K\src\gowin_empu_m1\gowin_empu_m1.v":0)
Compiling module '**'("D:\gowin_projects\gowin_empu_m1_primer20K\src\gowin_empu_m1\gowin_empu_m1.v":0)
Compiling module '**'("D:\gowin_projects\gowin_empu_m1_primer20K\src\gowin_empu_m1\gowin_empu_m1.v":0)
Compiling module '**'("D:\gowin_projects\gowin_empu_m1_primer20K\src\gowin_empu_m1\gowin_empu_m1.v":0)
Compiling module '**'("D:\gowin_projects\gowin_empu_m1_primer20K\src\gowin_empu_m1\gowin_empu_m1.v":0)
Compiling module '**'("D:\gowin_projects\gowin_empu_m1_primer20K\src\gowin_empu_m1\gowin_empu_m1.v":0)
Compiling module '**'("D:\gowin_projects\gowin_empu_m1_primer20K\src\gowin_empu_m1\gowin_empu_m1.v":0)
Compiling module '**'("D:\gowin_projects\gowin_empu_m1_primer20K\src\gowin_empu_m1\gowin_empu_m1.v":0)
Compiling module '**'("D:\gowin_projects\gowin_empu_m1_primer20K\src\gowin_empu_m1\gowin_empu_m1.v":0)
Compiling module '**'("D:\gowin_projects\gowin_empu_m1_primer20K\src\gowin_empu_m1\gowin_empu_m1.v":0)
Compiling module '**'("D:\gowin_projects\gowin_empu_m1_primer20K\src\gowin_empu_m1\gowin_empu_m1.v":0)
Compiling module '**'("D:\gowin_projects\gowin_empu_m1_primer20K\src\gowin_empu_m1\gowin_empu_m1.v":0)
Compiling module '**'("D:\gowin_projects\gowin_empu_m1_primer20K\src\gowin_empu_m1\gowin_empu_m1.v":0)
Compiling module '**'("D:\gowin_projects\gowin_empu_m1_primer20K\src\gowin_empu_m1\gowin_empu_m1.v":0)
Compiling module '**'("D:\gowin_projects\gowin_empu_m1_primer20K\src\gowin_empu_m1\gowin_empu_m1.v":0)
Compiling module '**'("D:\gowin_projects\gowin_empu_m1_primer20K\src\gowin_empu_m1\gowin_empu_m1.v":0)
Compiling module '**'("D:\gowin_projects\gowin_empu_m1_primer20K\src\gowin_empu_m1\gowin_empu_m1.v":0)
Compiling module '**'("D:\gowin_projects\gowin_empu_m1_primer20K\src\gowin_empu_m1\gowin_empu_m1.v":0)
Compiling module '**'("D:\gowin_projects\gowin_empu_m1_primer20K\src\gowin_empu_m1\gowin_empu_m1.v":0)
Compiling module '**'("D:\gowin_projects\gowin_empu_m1_primer20K\src\gowin_empu_m1\gowin_empu_m1.v":0)
Compiling module '**'("D:\gowin_projects\gowin_empu_m1_primer20K\src\gowin_empu_m1\gowin_empu_m1.v":0)
Compiling module '**'("D:\gowin_projects\gowin_empu_m1_primer20K\src\gowin_empu_m1\gowin_empu_m1.v":0)
Compiling module '**'("D:\gowin_projects\gowin_empu_m1_primer20K\src\gowin_empu_m1\gowin_empu_m1.v":0)
Compiling module '**'("D:\gowin_projects\gowin_empu_m1_primer20K\src\gowin_empu_m1\gowin_empu_m1.v":0)
Compiling module '**'("D:\gowin_projects\gowin_empu_m1_primer20K\src\gowin_empu_m1\gowin_empu_m1.v":0)
Compiling module '**'("D:\gowin_projects\gowin_empu_m1_primer20K\src\gowin_empu_m1\gowin_empu_m1.v":0)
Compiling module '**'("D:\gowin_projects\gowin_empu_m1_primer20K\src\gowin_empu_m1\gowin_empu_m1.v":0)
Compiling module '**'("D:\gowin_projects\gowin_empu_m1_primer20K\src\gowin_empu_m1\gowin_empu_m1.v":0)
Compiling module '**'("D:\gowin_projects\gowin_empu_m1_primer20K\src\gowin_empu_m1\gowin_empu_m1.v":0)
Compiling module '**'("D:\gowin_projects\gowin_empu_m1_primer20K\src\gowin_empu_m1\gowin_empu_m1.v":0)
Compiling module '**'("D:\gowin_projects\gowin_empu_m1_primer20K\src\gowin_empu_m1\gowin_empu_m1.v":0)
Compiling module '**'("D:\gowin_projects\gowin_empu_m1_primer20K\src\gowin_empu_m1\gowin_empu_m1.v":0)
Compiling module '**'("D:\gowin_projects\gowin_empu_m1_primer20K\src\gowin_empu_m1\gowin_empu_m1.v":0)
Compiling module '**'("D:\gowin_projects\gowin_empu_m1_primer20K\src\gowin_empu_m1\gowin_empu_m1.v":0)
Compiling module '**'("D:\gowin_projects\gowin_empu_m1_primer20K\src\gowin_empu_m1\gowin_empu_m1.v":0)
Compiling module '**'("D:\gowin_projects\gowin_empu_m1_primer20K\src\gowin_empu_m1\gowin_empu_m1.v":0)
Compiling module '**'("D:\gowin_projects\gowin_empu_m1_primer20K\src\gowin_empu_m1\gowin_empu_m1.v":0)
Compiling module '**'("D:\gowin_projects\gowin_empu_m1_primer20K\src\gowin_empu_m1\gowin_empu_m1.v":0)
Compiling module '**'("D:\gowin_projects\gowin_empu_m1_primer20K\src\gowin_empu_m1\gowin_empu_m1.v":0)
Compiling module '**'("D:\gowin_projects\gowin_empu_m1_primer20K\src\gowin_empu_m1\gowin_empu_m1.v":0)
Compiling module '**'("D:\gowin_projects\gowin_empu_m1_primer20K\src\gowin_empu_m1\gowin_empu_m1.v":0)
Compiling module '**'("D:\gowin_projects\gowin_empu_m1_primer20K\src\gowin_empu_m1\gowin_empu_m1.v":0)
Compiling module '**'("D:\gowin_projects\gowin_empu_m1_primer20K\src\gowin_empu_m1\gowin_empu_m1.v":0)
Compiling module '**'("D:\gowin_projects\gowin_empu_m1_primer20K\src\gowin_empu_m1\gowin_empu_m1.v":0)
Compiling module '**'("D:\gowin_projects\gowin_empu_m1_primer20K\src\gowin_empu_m1\gowin_empu_m1.v":0)
Compiling module '**'("D:\gowin_projects\gowin_empu_m1_primer20K\src\gowin_empu_m1\gowin_empu_m1.v":0)
Compiling module '**'("D:\gowin_projects\gowin_empu_m1_primer20K\src\gowin_empu_m1\gowin_empu_m1.v":0)
Compiling module '**'("D:\gowin_projects\gowin_empu_m1_primer20K\src\gowin_empu_m1\gowin_empu_m1.v":0)
Compiling module '**'("D:\gowin_projects\gowin_empu_m1_primer20K\src\gowin_empu_m1\gowin_empu_m1.v":0)
Compiling module '**'("D:\gowin_projects\gowin_empu_m1_primer20K\src\gowin_empu_m1\gowin_empu_m1.v":0)
Compiling module '**'("D:\gowin_projects\gowin_empu_m1_primer20K\src\gowin_empu_m1\gowin_empu_m1.v":0)
Compiling module '**'("D:\gowin_projects\gowin_empu_m1_primer20K\src\gowin_empu_m1\gowin_empu_m1.v":0)
Compiling module '**'("D:\gowin_projects\gowin_empu_m1_primer20K\src\gowin_empu_m1\gowin_empu_m1.v":0)
Compiling module '**'("D:\gowin_projects\gowin_empu_m1_primer20K\src\gowin_empu_m1\gowin_empu_m1.v":0)
Compiling module '**'("D:\gowin_projects\gowin_empu_m1_primer20K\src\gowin_empu_m1\gowin_empu_m1.v":0)
Compiling module '**'("D:\gowin_projects\gowin_empu_m1_primer20K\src\gowin_empu_m1\gowin_empu_m1.v":0)
Compiling module '**'("D:\gowin_projects\gowin_empu_m1_primer20K\src\gowin_empu_m1\gowin_empu_m1.v":0)
Compiling module '**'("D:\gowin_projects\gowin_empu_m1_primer20K\src\gowin_empu_m1\gowin_empu_m1.v":0)
Compiling module '**'("D:\gowin_projects\gowin_empu_m1_primer20K\src\gowin_empu_m1\gowin_empu_m1.v":0)
Compiling module '**'("D:\gowin_projects\gowin_empu_m1_primer20K\src\gowin_empu_m1\gowin_empu_m1.v":0)
Compiling module '**'("D:\gowin_projects\gowin_empu_m1_primer20K\src\gowin_empu_m1\gowin_empu_m1.v":0)
Compiling module '**'("D:\gowin_projects\gowin_empu_m1_primer20K\src\gowin_empu_m1\gowin_empu_m1.v":0)
Compiling module '**'("D:\gowin_projects\gowin_empu_m1_primer20K\src\gowin_empu_m1\gowin_empu_m1.v":0)
Compiling module '**'("D:\gowin_projects\gowin_empu_m1_primer20K\src\gowin_empu_m1\gowin_empu_m1.v":0)
Compiling module '**'("D:\gowin_projects\gowin_empu_m1_primer20K\src\gowin_empu_m1\gowin_empu_m1.v":0)
Compiling module '**'("D:\gowin_projects\gowin_empu_m1_primer20K\src\gowin_empu_m1\gowin_empu_m1.v":0)
Compiling module '**'("D:\gowin_projects\gowin_empu_m1_primer20K\src\gowin_empu_m1\gowin_empu_m1.v":0)
Compiling module '**'("D:\gowin_projects\gowin_empu_m1_primer20K\src\gowin_empu_m1\gowin_empu_m1.v":0)
Compiling module '**'("D:\gowin_projects\gowin_empu_m1_primer20K\src\gowin_empu_m1\gowin_empu_m1.v":0)
Compiling module '**'("D:\gowin_projects\gowin_empu_m1_primer20K\src\gowin_empu_m1\gowin_empu_m1.v":0)
Compiling module '**'("D:\gowin_projects\gowin_empu_m1_primer20K\src\gowin_empu_m1\gowin_empu_m1.v":0)
Compiling module '**'("D:\gowin_projects\gowin_empu_m1_primer20K\src\gowin_empu_m1\gowin_empu_m1.v":0)
Compiling module '**'("D:\gowin_projects\gowin_empu_m1_primer20K\src\gowin_empu_m1\gowin_empu_m1.v":0)
Compiling module '**'("D:\gowin_projects\gowin_empu_m1_primer20K\src\gowin_empu_m1\gowin_empu_m1.v":0)
Compiling module '**'("D:\gowin_projects\gowin_empu_m1_primer20K\src\gowin_empu_m1\gowin_empu_m1.v":0)
Compiling module '**'("D:\gowin_projects\gowin_empu_m1_primer20K\src\gowin_empu_m1\gowin_empu_m1.v":0)
Compiling module '**'("D:\gowin_projects\gowin_empu_m1_primer20K\src\gowin_empu_m1\gowin_empu_m1.v":0)
Compiling module '**'("D:\gowin_projects\gowin_empu_m1_primer20K\src\gowin_empu_m1\gowin_empu_m1.v":0)
Compiling module '**'("D:\gowin_projects\gowin_empu_m1_primer20K\src\gowin_empu_m1\gowin_empu_m1.v":0)
Compiling module '**'("D:\gowin_projects\gowin_empu_m1_primer20K\src\gowin_empu_m1\gowin_empu_m1.v":0)
Compiling module '**'("D:\gowin_projects\gowin_empu_m1_primer20K\src\gowin_empu_m1\gowin_empu_m1.v":0)
Compiling module '**'("D:\gowin_projects\gowin_empu_m1_primer20K\src\gowin_empu_m1\gowin_empu_m1.v":0)
Compiling module '**'("D:\gowin_projects\gowin_empu_m1_primer20K\src\gowin_empu_m1\gowin_empu_m1.v":0)
Compiling module '**'("D:\gowin_projects\gowin_empu_m1_primer20K\src\gowin_empu_m1\gowin_empu_m1.v":0)
Compiling module '**'("D:\gowin_projects\gowin_empu_m1_primer20K\src\gowin_empu_m1\gowin_empu_m1.v":0)
Compiling module '**'("D:\gowin_projects\gowin_empu_m1_primer20K\src\gowin_empu_m1\gowin_empu_m1.v":0)
Compiling module '**'("D:\gowin_projects\gowin_empu_m1_primer20K\src\gowin_empu_m1\gowin_empu_m1.v":0)
Compiling module '**'("D:\gowin_projects\gowin_empu_m1_primer20K\src\gowin_empu_m1\gowin_empu_m1.v":0)
Compiling module '**'("D:\gowin_projects\gowin_empu_m1_primer20K\src\gowin_empu_m1\gowin_empu_m1.v":0)
Compiling module '**'("D:\gowin_projects\gowin_empu_m1_primer20K\src\gowin_empu_m1\gowin_empu_m1.v":0)
Compiling module '**'("D:\gowin_projects\gowin_empu_m1_primer20K\src\gowin_empu_m1\gowin_empu_m1.v":0)
Compiling module '**'("D:\gowin_projects\gowin_empu_m1_primer20K\src\gowin_empu_m1\gowin_empu_m1.v":0)
Compiling module '**'("D:\gowin_projects\gowin_empu_m1_primer20K\src\gowin_empu_m1\gowin_empu_m1.v":0)
Compiling module '**'("D:\gowin_projects\gowin_empu_m1_primer20K\src\gowin_empu_m1\gowin_empu_m1.v":0)
Compiling module '**'("D:\gowin_projects\gowin_empu_m1_primer20K\src\gowin_empu_m1\gowin_empu_m1.v":0)
Compiling module '**'("D:\gowin_projects\gowin_empu_m1_primer20K\src\gowin_empu_m1\gowin_empu_m1.v":0)
Compiling module '**'("D:\gowin_projects\gowin_empu_m1_primer20K\src\gowin_empu_m1\gowin_empu_m1.v":0)
Compiling module '**'("D:\gowin_projects\gowin_empu_m1_primer20K\src\gowin_empu_m1\gowin_empu_m1.v":0)
Compiling module '**'("D:\gowin_projects\gowin_empu_m1_primer20K\src\gowin_empu_m1\gowin_empu_m1.v":0)
Compiling module '**'("D:\gowin_projects\gowin_empu_m1_primer20K\src\gowin_empu_m1\gowin_empu_m1.v":0)
Compiling module '**'("D:\gowin_projects\gowin_empu_m1_primer20K\src\gowin_empu_m1\gowin_empu_m1.v":0)
Compiling module '**'("D:\gowin_projects\gowin_empu_m1_primer20K\src\gowin_empu_m1\gowin_empu_m1.v":0)
Compiling module '**'("D:\gowin_projects\gowin_empu_m1_primer20K\src\gowin_empu_m1\gowin_empu_m1.v":0)
Compiling module '**'("D:\gowin_projects\gowin_empu_m1_primer20K\src\gowin_empu_m1\gowin_empu_m1.v":0)
Compiling module '**'("D:\gowin_projects\gowin_empu_m1_primer20K\src\gowin_empu_m1\gowin_empu_m1.v":0)
Compiling module '**'("D:\gowin_projects\gowin_empu_m1_primer20K\src\gowin_empu_m1\gowin_empu_m1.v":0)
Compiling module '**'("D:\gowin_projects\gowin_empu_m1_primer20K\src\gowin_empu_m1\gowin_empu_m1.v":0)
Compiling module '**'("D:\gowin_projects\gowin_empu_m1_primer20K\src\gowin_empu_m1\gowin_empu_m1.v":0)
Compiling module '**'("D:\gowin_projects\gowin_empu_m1_primer20K\src\gowin_empu_m1\gowin_empu_m1.v":0)
Compiling module '**'("D:\gowin_projects\gowin_empu_m1_primer20K\src\gowin_empu_m1\gowin_empu_m1.v":0)
Compiling module '**'("D:\gowin_projects\gowin_empu_m1_primer20K\src\gowin_empu_m1\gowin_empu_m1.v":0)
Compiling module '**'("D:\gowin_projects\gowin_empu_m1_primer20K\src\gowin_empu_m1\gowin_empu_m1.v":0)
Compiling module '**'("D:\gowin_projects\gowin_empu_m1_primer20K\src\gowin_empu_m1\gowin_empu_m1.v":0)
Compiling module '**'("D:\gowin_projects\gowin_empu_m1_primer20K\src\gowin_empu_m1\gowin_empu_m1.v":0)
Compiling module '**'("D:\gowin_projects\gowin_empu_m1_primer20K\src\gowin_empu_m1\gowin_empu_m1.v":0)
Compiling module '**'("D:\gowin_projects\gowin_empu_m1_primer20K\src\gowin_empu_m1\gowin_empu_m1.v":0)
Compiling module '**'("D:\gowin_projects\gowin_empu_m1_primer20K\src\gowin_empu_m1\gowin_empu_m1.v":0)
Compiling module '**'("D:\gowin_projects\gowin_empu_m1_primer20K\src\gowin_empu_m1\gowin_empu_m1.v":0)
Compiling module '**'("D:\gowin_projects\gowin_empu_m1_primer20K\src\gowin_empu_m1\gowin_empu_m1.v":0)
Compiling module '**'("D:\gowin_projects\gowin_empu_m1_primer20K\src\gowin_empu_m1\gowin_empu_m1.v":0)
Compiling module '**'("D:\gowin_projects\gowin_empu_m1_primer20K\src\gowin_empu_m1\gowin_empu_m1.v":0)
Compiling module '**'("D:\gowin_projects\gowin_empu_m1_primer20K\src\gowin_empu_m1\gowin_empu_m1.v":0)
Compiling module '**'("D:\gowin_projects\gowin_empu_m1_primer20K\src\gowin_empu_m1\gowin_empu_m1.v":0)
Compiling module '**'("D:\gowin_projects\gowin_empu_m1_primer20K\src\gowin_empu_m1\gowin_empu_m1.v":0)
Compiling module '**'("D:\gowin_projects\gowin_empu_m1_primer20K\src\gowin_empu_m1\gowin_empu_m1.v":0)
Compiling module '**'("D:\gowin_projects\gowin_empu_m1_primer20K\src\gowin_empu_m1\gowin_empu_m1.v":0)
Compiling module '**'("D:\gowin_projects\gowin_empu_m1_primer20K\src\gowin_empu_m1\gowin_empu_m1.v":0)
Compiling module '**'("D:\gowin_projects\gowin_empu_m1_primer20K\src\gowin_empu_m1\gowin_empu_m1.v":0)
Compiling module '**'("D:\gowin_projects\gowin_empu_m1_primer20K\src\gowin_empu_m1\gowin_empu_m1.v":0)
Compiling module '**'("D:\gowin_projects\gowin_empu_m1_primer20K\src\gowin_empu_m1\gowin_empu_m1.v":0)
Compiling module '**'("D:\gowin_projects\gowin_empu_m1_primer20K\src\gowin_empu_m1\gowin_empu_m1.v":0)
Compiling module '**'("D:\gowin_projects\gowin_empu_m1_primer20K\src\gowin_empu_m1\gowin_empu_m1.v":0)
Compiling module '**'("D:\gowin_projects\gowin_empu_m1_primer20K\src\gowin_empu_m1\gowin_empu_m1.v":0)
Compiling module '**'("D:\gowin_projects\gowin_empu_m1_primer20K\src\gowin_empu_m1\gowin_empu_m1.v":0)
Compiling module '**'("D:\gowin_projects\gowin_empu_m1_primer20K\src\gowin_empu_m1\gowin_empu_m1.v":0)
Compiling module '**'("D:\gowin_projects\gowin_empu_m1_primer20K\src\gowin_empu_m1\gowin_empu_m1.v":0)
Compiling module '**'("D:\gowin_projects\gowin_empu_m1_primer20K\src\gowin_empu_m1\gowin_empu_m1.v":0)
Compiling module '**'("D:\gowin_projects\gowin_empu_m1_primer20K\src\gowin_empu_m1\gowin_empu_m1.v":0)
Compiling module '**'("D:\gowin_projects\gowin_empu_m1_primer20K\src\gowin_empu_m1\gowin_empu_m1.v":0)
Compiling module '**'("D:\gowin_projects\gowin_empu_m1_primer20K\src\gowin_empu_m1\gowin_empu_m1.v":0)
Compiling module '**'("D:\gowin_projects\gowin_empu_m1_primer20K\src\gowin_empu_m1\gowin_empu_m1.v":0)
Compiling module '**'("D:\gowin_projects\gowin_empu_m1_primer20K\src\gowin_empu_m1\gowin_empu_m1.v":0)
Compiling module '**'("D:\gowin_projects\gowin_empu_m1_primer20K\src\gowin_empu_m1\gowin_empu_m1.v":0)
Compiling module '**'("D:\gowin_projects\gowin_empu_m1_primer20K\src\gowin_empu_m1\gowin_empu_m1.v":0)
Compiling module '**'("D:\gowin_projects\gowin_empu_m1_primer20K\src\gowin_empu_m1\gowin_empu_m1.v":0)
Compiling module '**'("D:\gowin_projects\gowin_empu_m1_primer20K\src\gowin_empu_m1\gowin_empu_m1.v":0)
Compiling module '**'("D:\gowin_projects\gowin_empu_m1_primer20K\src\gowin_empu_m1\gowin_empu_m1.v":0)
Compiling module '**'("D:\gowin_projects\gowin_empu_m1_primer20K\src\gowin_empu_m1\gowin_empu_m1.v":0)
Compiling module '**'("D:\gowin_projects\gowin_empu_m1_primer20K\src\gowin_empu_m1\gowin_empu_m1.v":0)
Compiling module '**'("D:\gowin_projects\gowin_empu_m1_primer20K\src\gowin_empu_m1\gowin_empu_m1.v":0)
Compiling module '**'("D:\gowin_projects\gowin_empu_m1_primer20K\src\gowin_empu_m1\gowin_empu_m1.v":0)
Compiling module '**'("D:\gowin_projects\gowin_empu_m1_primer20K\src\gowin_empu_m1\gowin_empu_m1.v":0)
Compiling module '**'("D:\gowin_projects\gowin_empu_m1_primer20K\src\gowin_empu_m1\gowin_empu_m1.v":0)
Compiling module '**'("D:\gowin_projects\gowin_empu_m1_primer20K\src\gowin_empu_m1\gowin_empu_m1.v":0)
Compiling module '**'("D:\gowin_projects\gowin_empu_m1_primer20K\src\gowin_empu_m1\gowin_empu_m1.v":0)
Compiling module '**'("D:\gowin_projects\gowin_empu_m1_primer20K\src\gowin_empu_m1\gowin_empu_m1.v":0)
Compiling module '**'("D:\gowin_projects\gowin_empu_m1_primer20K\src\gowin_empu_m1\gowin_empu_m1.v":0)
Compiling module '**'("D:\gowin_projects\gowin_empu_m1_primer20K\src\gowin_empu_m1\gowin_empu_m1.v":0)
Compiling module '**'("D:\gowin_projects\gowin_empu_m1_primer20K\src\gowin_empu_m1\gowin_empu_m1.v":0)
Compiling module '**'("D:\gowin_projects\gowin_empu_m1_primer20K\src\gowin_empu_m1\gowin_empu_m1.v":0)
Compiling module '**'("D:\gowin_projects\gowin_empu_m1_primer20K\src\gowin_empu_m1\gowin_empu_m1.v":0)
Compiling module '**'("D:\gowin_projects\gowin_empu_m1_primer20K\src\gowin_empu_m1\gowin_empu_m1.v":0)
Compiling module '**'("D:\gowin_projects\gowin_empu_m1_primer20K\src\gowin_empu_m1\gowin_empu_m1.v":0)
Compiling module '**'("D:\gowin_projects\gowin_empu_m1_primer20K\src\gowin_empu_m1\gowin_empu_m1.v":0)
Compiling module '**'("D:\gowin_projects\gowin_empu_m1_primer20K\src\gowin_empu_m1\gowin_empu_m1.v":0)
Compiling module '**'("D:\gowin_projects\gowin_empu_m1_primer20K\src\gowin_empu_m1\gowin_empu_m1.v":0)
Compiling module '**'("D:\gowin_projects\gowin_empu_m1_primer20K\src\gowin_empu_m1\gowin_empu_m1.v":0)
Compiling module '**'("D:\gowin_projects\gowin_empu_m1_primer20K\src\gowin_empu_m1\gowin_empu_m1.v":0)
Compiling module '**'("D:\gowin_projects\gowin_empu_m1_primer20K\src\gowin_empu_m1\gowin_empu_m1.v":0)
Compiling module '**'("D:\gowin_projects\gowin_empu_m1_primer20K\src\gowin_empu_m1\gowin_empu_m1.v":0)
Compiling module '**'("D:\gowin_projects\gowin_empu_m1_primer20K\src\gowin_empu_m1\gowin_empu_m1.v":0)
Compiling module '**'("D:\gowin_projects\gowin_empu_m1_primer20K\src\gowin_empu_m1\gowin_empu_m1.v":0)
Compiling module '**'("D:\gowin_projects\gowin_empu_m1_primer20K\src\gowin_empu_m1\gowin_empu_m1.v":0)
Compiling module '**'("D:\gowin_projects\gowin_empu_m1_primer20K\src\gowin_empu_m1\gowin_empu_m1.v":0)
Compiling module '**'("D:\gowin_projects\gowin_empu_m1_primer20K\src\gowin_empu_m1\gowin_empu_m1.v":0)
Compiling module '**'("D:\gowin_projects\gowin_empu_m1_primer20K\src\gowin_empu_m1\gowin_empu_m1.v":0)
Compiling module '**'("D:\gowin_projects\gowin_empu_m1_primer20K\src\gowin_empu_m1\gowin_empu_m1.v":0)
Compiling module '**'("D:\gowin_projects\gowin_empu_m1_primer20K\src\gowin_empu_m1\gowin_empu_m1.v":0)
Compiling module '**'("D:\gowin_projects\gowin_empu_m1_primer20K\src\gowin_empu_m1\gowin_empu_m1.v":0)
Compiling module '**'("D:\gowin_projects\gowin_empu_m1_primer20K\src\gowin_empu_m1\gowin_empu_m1.v":0)
Compiling module '**'("D:\gowin_projects\gowin_empu_m1_primer20K\src\gowin_empu_m1\gowin_empu_m1.v":0)
Compiling module '**'("D:\gowin_projects\gowin_empu_m1_primer20K\src\gowin_empu_m1\gowin_empu_m1.v":0)
Compiling module '**'("D:\gowin_projects\gowin_empu_m1_primer20K\src\gowin_empu_m1\gowin_empu_m1.v":0)
Compiling module '**'("D:\gowin_projects\gowin_empu_m1_primer20K\src\gowin_empu_m1\gowin_empu_m1.v":0)
Compiling module '**'("D:\gowin_projects\gowin_empu_m1_primer20K\src\gowin_empu_m1\gowin_empu_m1.v":0)
Compiling module '**'("D:\gowin_projects\gowin_empu_m1_primer20K\src\gowin_empu_m1\gowin_empu_m1.v":0)
Compiling module '**'("D:\gowin_projects\gowin_empu_m1_primer20K\src\gowin_empu_m1\gowin_empu_m1.v":0)
Compiling module '**'("D:\gowin_projects\gowin_empu_m1_primer20K\src\gowin_empu_m1\gowin_empu_m1.v":0)
Compiling module '**'("D:\gowin_projects\gowin_empu_m1_primer20K\src\gowin_empu_m1\gowin_empu_m1.v":0)
Compiling module '**'("D:\gowin_projects\gowin_empu_m1_primer20K\src\gowin_empu_m1\gowin_empu_m1.v":0)
Compiling module '**'("D:\gowin_projects\gowin_empu_m1_primer20K\src\gowin_empu_m1\gowin_empu_m1.v":0)
Compiling module '**'("D:\gowin_projects\gowin_empu_m1_primer20K\src\gowin_empu_m1\gowin_empu_m1.v":0)
Compiling module '**'("D:\gowin_projects\gowin_empu_m1_primer20K\src\gowin_empu_m1\gowin_empu_m1.v":0)
Compiling module '**'("D:\gowin_projects\gowin_empu_m1_primer20K\src\gowin_empu_m1\gowin_empu_m1.v":0)
Compiling module '**'("D:\gowin_projects\gowin_empu_m1_primer20K\src\gowin_empu_m1\gowin_empu_m1.v":0)
Compiling module '**'("D:\gowin_projects\gowin_empu_m1_primer20K\src\gowin_empu_m1\gowin_empu_m1.v":0)
Compiling module '**'("D:\gowin_projects\gowin_empu_m1_primer20K\src\gowin_empu_m1\gowin_empu_m1.v":0)
Compiling module '**'("D:\gowin_projects\gowin_empu_m1_primer20K\src\gowin_empu_m1\gowin_empu_m1.v":0)
Compiling module '**'("D:\gowin_projects\gowin_empu_m1_primer20K\src\gowin_empu_m1\gowin_empu_m1.v":0)
Compiling module '**'("D:\gowin_projects\gowin_empu_m1_primer20K\src\gowin_empu_m1\gowin_empu_m1.v":0)
Compiling module '**'("D:\gowin_projects\gowin_empu_m1_primer20K\src\gowin_empu_m1\gowin_empu_m1.v":0)
Compiling module '**'("D:\gowin_projects\gowin_empu_m1_primer20K\src\gowin_empu_m1\gowin_empu_m1.v":0)
Compiling module '**'("D:\gowin_projects\gowin_empu_m1_primer20K\src\gowin_empu_m1\gowin_empu_m1.v":0)
Compiling module '**'("D:\gowin_projects\gowin_empu_m1_primer20K\src\gowin_empu_m1\gowin_empu_m1.v":0)
Compiling module '**'("D:\gowin_projects\gowin_empu_m1_primer20K\src\gowin_empu_m1\gowin_empu_m1.v":0)
Compiling module '**'("D:\gowin_projects\gowin_empu_m1_primer20K\src\gowin_empu_m1\gowin_empu_m1.v":0)
Compiling module '**'("D:\gowin_projects\gowin_empu_m1_primer20K\src\gowin_empu_m1\gowin_empu_m1.v":0)
Compiling module '**'("D:\gowin_projects\gowin_empu_m1_primer20K\src\gowin_empu_m1\gowin_empu_m1.v":0)
Compiling module '**'("D:\gowin_projects\gowin_empu_m1_primer20K\src\gowin_empu_m1\gowin_empu_m1.v":0)
Compiling module '**'("D:\gowin_projects\gowin_empu_m1_primer20K\src\gowin_empu_m1\gowin_empu_m1.v":0)
Compiling module '**'("D:\gowin_projects\gowin_empu_m1_primer20K\src\gowin_empu_m1\gowin_empu_m1.v":0)
Compiling module '**'("D:\gowin_projects\gowin_empu_m1_primer20K\src\gowin_empu_m1\gowin_empu_m1.v":0)
Compiling module '**'("D:\gowin_projects\gowin_empu_m1_primer20K\src\gowin_empu_m1\gowin_empu_m1.v":0)
Compiling module '**'("D:\gowin_projects\gowin_empu_m1_primer20K\src\gowin_empu_m1\gowin_empu_m1.v":0)
Compiling module '**'("D:\gowin_projects\gowin_empu_m1_primer20K\src\gowin_empu_m1\gowin_empu_m1.v":0)
Compiling module '**'("D:\gowin_projects\gowin_empu_m1_primer20K\src\gowin_empu_m1\gowin_empu_m1.v":0)
Compiling module '**'("D:\gowin_projects\gowin_empu_m1_primer20K\src\gowin_empu_m1\gowin_empu_m1.v":0)
Compiling module '**'("D:\gowin_projects\gowin_empu_m1_primer20K\src\gowin_empu_m1\gowin_empu_m1.v":0)
Compiling module '**'("D:\gowin_projects\gowin_empu_m1_primer20K\src\gowin_empu_m1\gowin_empu_m1.v":0)
Compiling module '**'("D:\gowin_projects\gowin_empu_m1_primer20K\src\gowin_empu_m1\gowin_empu_m1.v":0)
Compiling module '**'("D:\gowin_projects\gowin_empu_m1_primer20K\src\gowin_empu_m1\gowin_empu_m1.v":0)
Compiling module '**'("D:\gowin_projects\gowin_empu_m1_primer20K\src\gowin_empu_m1\gowin_empu_m1.v":0)
Compiling module '**'("D:\gowin_projects\gowin_empu_m1_primer20K\src\gowin_empu_m1\gowin_empu_m1.v":0)
Compiling module '**'("D:\gowin_projects\gowin_empu_m1_primer20K\src\gowin_empu_m1\gowin_empu_m1.v":0)
Compiling module '**'("D:\gowin_projects\gowin_empu_m1_primer20K\src\gowin_empu_m1\gowin_empu_m1.v":0)
Compiling module '**'("D:\gowin_projects\gowin_empu_m1_primer20K\src\gowin_empu_m1\gowin_empu_m1.v":0)
Compiling module '**'("D:\gowin_projects\gowin_empu_m1_primer20K\src\gowin_empu_m1\gowin_empu_m1.v":0)
Compiling module '**'("D:\gowin_projects\gowin_empu_m1_primer20K\src\gowin_empu_m1\gowin_empu_m1.v":0)
Compiling module '**'("D:\gowin_projects\gowin_empu_m1_primer20K\src\gowin_empu_m1\gowin_empu_m1.v":0)
Compiling module '**'("D:\gowin_projects\gowin_empu_m1_primer20K\src\gowin_empu_m1\gowin_empu_m1.v":0)
Compiling module '**'("D:\gowin_projects\gowin_empu_m1_primer20K\src\gowin_empu_m1\gowin_empu_m1.v":0)
Compiling module '**'("D:\gowin_projects\gowin_empu_m1_primer20K\src\gowin_empu_m1\gowin_empu_m1.v":0)
Compiling module '**'("D:\gowin_projects\gowin_empu_m1_primer20K\src\gowin_empu_m1\gowin_empu_m1.v":0)
Compiling module '**'("D:\gowin_projects\gowin_empu_m1_primer20K\src\gowin_empu_m1\gowin_empu_m1.v":0)
Compiling module '**'("D:\gowin_projects\gowin_empu_m1_primer20K\src\gowin_empu_m1\gowin_empu_m1.v":0)
Compiling module '**'("D:\gowin_projects\gowin_empu_m1_primer20K\src\gowin_empu_m1\gowin_empu_m1.v":0)
Compiling module '**'("D:\gowin_projects\gowin_empu_m1_primer20K\src\gowin_empu_m1\gowin_empu_m1.v":0)
Compiling module '**'("D:\gowin_projects\gowin_empu_m1_primer20K\src\gowin_empu_m1\gowin_empu_m1.v":0)
Compiling module '**'("D:\gowin_projects\gowin_empu_m1_primer20K\src\gowin_empu_m1\gowin_empu_m1.v":0)
Compiling module '**'("D:\gowin_projects\gowin_empu_m1_primer20K\src\gowin_empu_m1\gowin_empu_m1.v":0)
Compiling module '**'("D:\gowin_projects\gowin_empu_m1_primer20K\src\gowin_empu_m1\gowin_empu_m1.v":0)
Compiling module '**'("D:\gowin_projects\gowin_empu_m1_primer20K\src\gowin_empu_m1\gowin_empu_m1.v":0)
Compiling module '**'("D:\gowin_projects\gowin_empu_m1_primer20K\src\gowin_empu_m1\gowin_empu_m1.v":0)
Compiling module '**'("D:\gowin_projects\gowin_empu_m1_primer20K\src\gowin_empu_m1\gowin_empu_m1.v":0)
Compiling module '**'("D:\gowin_projects\gowin_empu_m1_primer20K\src\gowin_empu_m1\gowin_empu_m1.v":0)
Compiling module '**'("D:\gowin_projects\gowin_empu_m1_primer20K\src\gowin_empu_m1\gowin_empu_m1.v":0)
Compiling module '**'("D:\gowin_projects\gowin_empu_m1_primer20K\src\gowin_empu_m1\gowin_empu_m1.v":0)
Compiling module '**'("D:\gowin_projects\gowin_empu_m1_primer20K\src\gowin_empu_m1\gowin_empu_m1.v":0)
Compiling module '**'("D:\gowin_projects\gowin_empu_m1_primer20K\src\gowin_empu_m1\gowin_empu_m1.v":0)
Compiling module '**'("D:\gowin_projects\gowin_empu_m1_primer20K\src\gowin_empu_m1\gowin_empu_m1.v":0)
Compiling module '**'("D:\gowin_projects\gowin_empu_m1_primer20K\src\gowin_empu_m1\gowin_empu_m1.v":0)
Compiling module '**'("D:\gowin_projects\gowin_empu_m1_primer20K\src\gowin_empu_m1\gowin_empu_m1.v":0)
Compiling module '**'("D:\gowin_projects\gowin_empu_m1_primer20K\src\gowin_empu_m1\gowin_empu_m1.v":0)
Compiling module '**'("D:\gowin_projects\gowin_empu_m1_primer20K\src\gowin_empu_m1\gowin_empu_m1.v":0)
Compiling module '**'("D:\gowin_projects\gowin_empu_m1_primer20K\src\gowin_empu_m1\gowin_empu_m1.v":0)
Compiling module '**'("D:\gowin_projects\gowin_empu_m1_primer20K\src\gowin_empu_m1\gowin_empu_m1.v":0)
Compiling module '**'("D:\gowin_projects\gowin_empu_m1_primer20K\src\gowin_empu_m1\gowin_empu_m1.v":0)
Compiling module '**'("D:\gowin_projects\gowin_empu_m1_primer20K\src\gowin_empu_m1\gowin_empu_m1.v":0)
Compiling module '**'("D:\gowin_projects\gowin_empu_m1_primer20K\src\gowin_empu_m1\gowin_empu_m1.v":0)
Compiling module '**'("D:\gowin_projects\gowin_empu_m1_primer20K\src\gowin_empu_m1\gowin_empu_m1.v":0)
Compiling module '**'("D:\gowin_projects\gowin_empu_m1_primer20K\src\gowin_empu_m1\gowin_empu_m1.v":0)
Compiling module '**'("D:\gowin_projects\gowin_empu_m1_primer20K\src\gowin_empu_m1\gowin_empu_m1.v":0)
Compiling module '**'("D:\gowin_projects\gowin_empu_m1_primer20K\src\gowin_empu_m1\gowin_empu_m1.v":0)
Compiling module '**'("D:\gowin_projects\gowin_empu_m1_primer20K\src\gowin_empu_m1\gowin_empu_m1.v":0)
Compiling module '**'("D:\gowin_projects\gowin_empu_m1_primer20K\src\gowin_empu_m1\gowin_empu_m1.v":0)
Compiling module '**'("D:\gowin_projects\gowin_empu_m1_primer20K\src\gowin_empu_m1\gowin_empu_m1.v":0)
Compiling module '**'("D:\gowin_projects\gowin_empu_m1_primer20K\src\gowin_empu_m1\gowin_empu_m1.v":0)
Compiling module '**'("D:\gowin_projects\gowin_empu_m1_primer20K\src\gowin_empu_m1\gowin_empu_m1.v":0)
Compiling module '**'("D:\gowin_projects\gowin_empu_m1_primer20K\src\gowin_empu_m1\gowin_empu_m1.v":0)
WARN  (EX3670) : Actual bit length 8 differs from formal bit length 32 for port 'APB1PADDR'("D:\gowin_projects\gowin_empu_m1_primer20K\src\gowin_empu_m1_template.v":304)
WARN  (EX1998) : Net 'APB1PSLVERR' does not have a driver("D:\gowin_projects\gowin_empu_m1_primer20K\src\gowin_empu_m1_template.v":174)
NOTE  (EX0101) : Current top module is "Gowin_EMPU_M1_template"
[5%] Running netlist conversion ...
Running device independent optimization ...
[10%] Optimizing Phase 0 completed
[15%] Optimizing Phase 1 completed
[25%] Optimizing Phase 2 completed
Running inference ...
[30%] Inferring Phase 0 completed
[40%] Inferring Phase 1 completed
[50%] Inferring Phase 2 completed
[55%] Inferring Phase 3 completed
Running technical mapping ...
[60%] Tech-Mapping Phase 0 completed
[65%] Tech-Mapping Phase 1 completed
[75%] Tech-Mapping Phase 2 completed
[80%] Tech-Mapping Phase 3 completed
[90%] Tech-Mapping Phase 4 completed
WARN  (NL0002) : The module "Gowin_APB2_Decoder" instantiated to "u_multiple_1" is swept in optimizing("D:\gowin_projects\gowin_empu_m1_primer20K\src\gowin_empu_m1_template.v":202)
[95%] Generate netlist file "D:\gowin_projects\gowin_empu_m1_primer20K\impl\gwsynthesis\gowin_empu_m1.vg" completed
WARN  (CK3000) : The clock "HCLK"'s frequency does not match your_instance_name/rpll_inst's param "FCLKIN = "27""
[100%] Generate report file "D:\gowin_projects\gowin_empu_m1_primer20K\impl\gwsynthesis\gowin_empu_m1_syn.rpt.html" completed
GowinSynthesis finish
